Determining if the pthread_create exist failed with the following output:
Change Dir: /home/mmlab/hdd/Golf/Encoder/OpenCVEncoder/cmake-build-debug-remote-host/CMakeFiles/CMakeTmp

Run Build Command:"/usr/bin/make" "cmTC_a135e/fast"
make[1]: Entering directory '/media/mmlab/hdd1/Golf/Encoder/OpenCVEncoder/cmake-build-debug-remote-host/CMakeFiles/CMakeTmp'
/usr/bin/make -f CMakeFiles/cmTC_a135e.dir/build.make CMakeFiles/cmTC_a135e.dir/build
make[2]: Entering directory '/media/mmlab/hdd1/Golf/Encoder/OpenCVEncoder/cmake-build-debug-remote-host/CMakeFiles/CMakeTmp'
Building C object CMakeFiles/cmTC_a135e.dir/CheckSymbolExists.c.o
/usr/bin/cc    -fPIC    -o CMakeFiles/cmTC_a135e.dir/CheckSymbolExists.c.o   -c /home/mmlab/hdd/Golf/Encoder/OpenCVEncoder/cmake-build-debug-remote-host/CMakeFiles/CMakeTmp/CheckSymbolExists.c
Linking C executable cmTC_a135e
/usr/bin/cmake -E cmake_link_script CMakeFiles/cmTC_a135e.dir/link.txt --verbose=1
/usr/bin/cc  -fPIC     CMakeFiles/cmTC_a135e.dir/CheckSymbolExists.c.o  -o cmTC_a135e 
CMakeFiles/cmTC_a135e.dir/CheckSymbolExists.c.o: In function `main':
CheckSymbolExists.c:(.text+0x1b): undefined reference to `pthread_create'
collect2: error: ld returned 1 exit status
CMakeFiles/cmTC_a135e.dir/build.make:97: recipe for target 'cmTC_a135e' failed
make[2]: *** [cmTC_a135e] Error 1
make[2]: Leaving directory '/media/mmlab/hdd1/Golf/Encoder/OpenCVEncoder/cmake-build-debug-remote-host/CMakeFiles/CMakeTmp'
Makefile:126: recipe for target 'cmTC_a135e/fast' failed
make[1]: *** [cmTC_a135e/fast] Error 2
make[1]: Leaving directory '/media/mmlab/hdd1/Golf/Encoder/OpenCVEncoder/cmake-build-debug-remote-host/CMakeFiles/CMakeTmp'

File /home/mmlab/hdd/Golf/Encoder/OpenCVEncoder/cmake-build-debug-remote-host/CMakeFiles/CMakeTmp/CheckSymbolExists.c:
/* */
#include <pthread.h>

int main(int argc, char** argv)
{
  (void)argv;
#ifndef pthread_create
  return ((int*)(&pthread_create))[argc];
#else
  (void)argc;
  return 0;
#endif
}

Determining if the function pthread_create exists in the pthreads failed with the following output:
Change Dir: /home/mmlab/hdd/Golf/Encoder/OpenCVEncoder/cmake-build-debug-remote-host/CMakeFiles/CMakeTmp

Run Build Command:"/usr/bin/make" "cmTC_5e5f9/fast"
make[1]: Entering directory '/media/mmlab/hdd1/Golf/Encoder/OpenCVEncoder/cmake-build-debug-remote-host/CMakeFiles/CMakeTmp'
/usr/bin/make -f CMakeFiles/cmTC_5e5f9.dir/build.make CMakeFiles/cmTC_5e5f9.dir/build
make[2]: Entering directory '/media/mmlab/hdd1/Golf/Encoder/OpenCVEncoder/cmake-build-debug-remote-host/CMakeFiles/CMakeTmp'
Building C object CMakeFiles/cmTC_5e5f9.dir/CheckFunctionExists.c.o
/usr/bin/cc    -fPIC -DCHECK_FUNCTION_EXISTS=pthread_create   -o CMakeFiles/cmTC_5e5f9.dir/CheckFunctionExists.c.o   -c /usr/share/cmake-3.5/Modules/CheckFunctionExists.c
Linking C executable cmTC_5e5f9
/usr/bin/cmake -E cmake_link_script CMakeFiles/cmTC_5e5f9.dir/link.txt --verbose=1
/usr/bin/cc  -fPIC -DCHECK_FUNCTION_EXISTS=pthread_create    CMakeFiles/cmTC_5e5f9.dir/CheckFunctionExists.c.o  -o cmTC_5e5f9 -lpthreads 
/usr/bin/ld: cannot find -lpthreads
collect2: error: ld returned 1 exit status
CMakeFiles/cmTC_5e5f9.dir/build.make:97: recipe for target 'cmTC_5e5f9' failed
make[2]: *** [cmTC_5e5f9] Error 1
make[2]: Leaving directory '/media/mmlab/hdd1/Golf/Encoder/OpenCVEncoder/cmake-build-debug-remote-host/CMakeFiles/CMakeTmp'
Makefile:126: recipe for target 'cmTC_5e5f9/fast' failed
make[1]: *** [cmTC_5e5f9/fast] Error 2
make[1]: Leaving directory '/media/mmlab/hdd1/Golf/Encoder/OpenCVEncoder/cmake-build-debug-remote-host/CMakeFiles/CMakeTmp'


